Arguments: 
  C:\Program Files\nodejs\node.exe C:\Users\Buy Back\AppData\Roaming\npm\node_modules\yarn\bin\yarn.js add @reduxjs/toolkit

PATH: 
  C:\Windows\system32;C:\Windows;C:\Windows\System32\Wbem;C:\Windows\System32\WindowsPowerShell\v1.0\;C:\Windows\System32\OpenSSH\;C:\Program Files\Java\jdk-11\bin;C:\Program Files\nodejs\;C:\Users\Buy Back\AppData\Local\Microsoft\WindowsApps;C:\Users\Buy Back\AppData\Roaming\npm;C:\Users\Buy Back\AppData\Local\Android\Sdk\platform-tools;C:\Users\Buy Back\AppData\Local\Programs\Microsoft VS Code\bin;C:\Program Files\Java\jdk-11\bin;

Yarn version: 
  1.22.18

Node version: 
  16.15.0

Platform: 
  win32 x64

Trace: 
  Error: EPERM: operation not permitted, unlink 'C:\Projects\React Native\UberGo\node_modules\@expo\cli\node_modules\ansi-styles'

npm manifest: 
  {
    "name": "ubergo",
    "version": "1.0.0",
    "main": "node_modules/expo/AppEntry.js",
    "scripts": {
      "start": "expo start",
      "android": "expo start --android",
      "ios": "expo start --ios",
      "web": "expo start --web",
      "eject": "expo eject"
    },
    "dependencies": {
      "expo": "~45.0.0",
      "expo-status-bar": "~1.3.0",
      "react": "17.0.2",
      "react-dom": "17.0.2",
      "react-native": "0.68.2",
      "react-native-web": "0.17.7"
    },
    "devDependencies": {
      "@babel/core": "^7.12.9"
    },
    "private": true
  }

yarn manifest: 
  No manifest

Lockfile: 
  No lockfile
